This is pdfTeXk, Version 3.1415926-1.40.9 (Web2C 7.5.7) (format=pdflatex 2008.12.28)  13 FEB 2010 16:57
entering extended mode
 %&-line parsing enabled.
**predatorprey.tex
(./predatorprey.tex
LaTeX2e <2005/12/01>
Babel <v3.8l> and hyphenation patterns for english, usenglishmax, dumylang, noh
yphenation, german-x-2008-06-18, ngerman-x-2008-06-18, ancientgreek, ibycus, ar
abic, basque, bulgarian, catalan, pinyin, coptic, croatian, czech, danish, dutc
h, esperanto, estonian, farsi, finnish, french, galician, german, ngerman, mono
greek, greek, hungarian, icelandic, indonesian, interlingua, irish, italian, la
tin, lithuanian, mongolian, mongolian2a, bokmal, nynorsk, polish, portuguese, r
omanian, russian, sanskrit, serbian, slovak, slovenian, spanish, swedish, turki
sh, ukenglish, ukrainian, uppersorbian, welsh, loaded.
(/usr/local/texlive/2008/texmf-dist/tex/latex/base/article.cls
Document Class: article 2005/09/16 v1.4f Standard LaTeX document class
(/usr/local/texlive/2008/texmf-dist/tex/latex/base/size12.clo
File: size12.clo 2005/09/16 v1.4f Standard LaTeX file (size option)
)
\c@part=\count79
\c@section=\count80
\c@subsection=\count81
\c@subsubsection=\count82
\c@paragraph=\count83
\c@subparagraph=\count84
\c@figure=\count85
\c@table=\count86
\abovecaptionskip=\skip41
\belowcaptionskip=\skip42
\bibindent=\dimen102
)
(/usr/local/texlive/2008/texmf-dist/tex/latex/graphics/graphicx.sty
Package: graphicx 1999/02/16 v1.0f Enhanced LaTeX Graphics (DPC,SPQR)

(/usr/local/texlive/2008/texmf-dist/tex/latex/graphics/keyval.sty
Package: keyval 1999/03/16 v1.13 key=value parser (DPC)
\KV@toks@=\toks14
)
(/usr/local/texlive/2008/texmf-dist/tex/latex/graphics/graphics.sty
Package: graphics 2006/02/20 v1.0o Standard LaTeX Graphics (DPC,SPQR)

(/usr/local/texlive/2008/texmf-dist/tex/latex/graphics/trig.sty
Package: trig 1999/03/16 v1.09 sin cos tan (DPC)
)
(/usr/local/texlive/2008/texmf/tex/latex/config/graphics.cfg
File: graphics.cfg 2007/01/18 v1.5 graphics configuration of teTeX/TeXLive
)
Package graphics Info: Driver file: pdftex.def on input line 90.

(/usr/local/texlive/2008/texmf-dist/tex/latex/pdftex-def/pdftex.def
File: pdftex.def 2008/09/08 v0.04l Graphics/color for pdfTeX
\Gread@gobject=\count87
))
\Gin@req@height=\dimen103
\Gin@req@width=\dimen104
)
(./predatorprey.aux)
\openout1 = `predatorprey.aux'.

LaTeX Font Info:    Checking defaults for OML/cmm/m/it on input line 9.
LaTeX Font Info:    ... okay on input line 9.
LaTeX Font Info:    Checking defaults for T1/cmr/m/n on input line 9.
LaTeX Font Info:    ... okay on input line 9.
LaTeX Font Info:    Checking defaults for OT1/cmr/m/n on input line 9.
LaTeX Font Info:    ... okay on input line 9.
LaTeX Font Info:    Checking defaults for OMS/cmsy/m/n on input line 9.
LaTeX Font Info:    ... okay on input line 9.
LaTeX Font Info:    Checking defaults for OMX/cmex/m/n on input line 9.
LaTeX Font Info:    ... okay on input line 9.
LaTeX Font Info:    Checking defaults for U/cmr/m/n on input line 9.
LaTeX Font Info:    ... okay on input line 9.

(/usr/local/texlive/2008/texmf-dist/tex/context/base/supp-pdf.tex
[Loading MPS to PDF converter (version 2006.09.02).]
\scratchcounter=\count88
\scratchdimen=\dimen105
\scratchbox=\box26
\nofMPsegments=\count89
\nofMParguments=\count90
\everyMPshowfont=\toks15
\MPscratchCnt=\count91
\MPscratchDim=\dimen106
\MPnumerator=\count92
\everyMPtoPDFconversion=\toks16
)
LaTeX Font Info:    External font `cmex10' loaded for size
(Font)              <14.4> on input line 10.
LaTeX Font Info:    External font `cmex10' loaded for size
(Font)              <7> on input line 10.
 [1

{/usr/local/texlive/2008/texmf-var/fonts/map/pdftex/updmap/pdftex.map}]
[2] <exercise2model.png, id=11, 581.17125pt x 258.9675pt>
File: exercise2model.png Graphic file (type png)

<use exercise2model.png> [3 <./exercise2model.png (PNG copy)>]
<modelbehavior.png, id=16, 408.52625pt x 247.92625pt>
File: modelbehavior.png Graphic file (type png)
 <use modelbehavior.png>
[4 <./modelbehavior.png (PNG copy)>]
<incoherentresults.png, id=20, 406.51875pt x 247.92625pt>
File: incoherentresults.png Graphic file (type png)

<use incoherentresults.png> [5 <./incoherentresults.png (PNG copy)>]
<decliningforage.png, id=24, 411.5375pt x 247.92625pt>
File: decliningforage.png Graphic file (type png)

<use decliningforage.png>
<exponentialoscillation.png, id=25, 408.52625pt x 244.915pt>
File: exponentialoscillation.png Graphic file (type png)

<use exponentialoscillation.png> [6 <./decliningforage.png (PNG copy)>]
Overfull \hbox (5.2002pt too wide) in paragraph at lines 92--92
[]  \OT1/cmtt/m/n/12 forage consumption rate = fractional forage consumption ra
te *[] 
 []

[7 <./exponentialoscillation.png (PNG copy)>] [8] (./predatorprey.aux) ) 
Here is how much of TeX's memory you used:
 914 strings out of 493876
 11923 string characters out of 1150567
 62394 words of memory out of 3000000
 4237 multiletter control sequences out of 10000+50000
 6272 words of font info for 23 fonts, out of 3000000 for 5000
 714 hyphenation exceptions out of 8191
 25i,6n,19p,1646b,242s stack positions out of 5000i,500n,10000p,200000b,50000s
</usr/l
ocal/texlive/2008/texmf-dist/fonts/type1/bluesky/cm/cmbx12.pfb></usr/local/texl
ive/2008/texmf-dist/fonts/type1/bluesky/cm/cmr12.pfb></usr/local/texlive/2008/t
exmf-dist/fonts/type1/bluesky/cm/cmr17.pfb></usr/local/texlive/2008/texmf-dist/
fonts/type1/bluesky/cm/cmti12.pfb></usr/local/texlive/2008/texmf-dist/fonts/typ
e1/bluesky/cm/cmtt12.pfb>
Output written on predatorprey.pdf (8 pages, 157728 bytes).
PDF statistics:
 54 PDF objects out of 1000 (max. 8388607)
 0 named destinations out of 1000 (max. 131072)
 26 words of extra memory for PDF output out of 10000 (max. 10000000)

