This is pdfTeX, Version 3.1415926-1.40.10 (TeX Live/MacPorts 2009_6) (format=pdflatex 2010.10.7)  18 OCT 2010 23:40
entering extended mode
 %&-line parsing enabled.
**litreview.pdf
(/opt/local/share/texmf-texlive-dist/tex/latex/tools/q.tex
LaTeX2e <2009/09/24>
Babel <v3.8l> and hyphenation patterns for english, usenglishmax, dumylang, noh
yphenation, loaded.
File ignored
)
! Emergency stop.
<*> litreview.pdf
                 
*** (job aborted, no legal \end found)

 
Here is how much of TeX's memory you used:
 7 strings out of 495061
 276 string characters out of 3181964
 45108 words of memory out of 3000000
 3282 multiletter control sequences out of 15000+200000
 3640 words of font info for 14 fonts, out of 3000000 for 9000
 28 hyphenation exceptions out of 8191
 5i,0n,1p,93b,8s stack positions out of 5000i,500n,10000p,200000b,50000s
!  ==> Fatal error occurred, no output PDF file produced!
