This is pdfTeX, Version 3.1415926-2.3-1.40.12 (TeX Live 2011/MacPorts 2011_5) (format=pdflatex 2012.3.1)  16 MAR 2012 01:42
entering extended mode
 restricted \write18 enabled.
 %&-line parsing enabled.
**project.tex
(./project.tex
LaTeX2e <2009/09/24>
Babel <v3.8l> and hyphenation patterns for english, dumylang, nohyphenation, cz
ech, slovak, dutch, ukenglish, usenglishmax, basque, french, german-x-2009-06-1
9, ngerman-x-2009-06-19, german, ngerman, swissgerman, italian, polish, portugu
ese, spanish, catalan, galician, loaded.
(/opt/local/share/texmf-texlive-dist/tex/latex/base/article.cls
Document Class: article 2007/10/19 v1.4h Standard LaTeX document class
(/opt/local/share/texmf-texlive-dist/tex/latex/base/size11.clo
File: size11.clo 2007/10/19 v1.4h Standard LaTeX file (size option)
)
\c@part=\count79
\c@section=\count80
\c@subsection=\count81
\c@subsubsection=\count82
\c@paragraph=\count83
\c@subparagraph=\count84
\c@figure=\count85
\c@table=\count86
\abovecaptionskip=\skip41
\belowcaptionskip=\skip42
\bibindent=\dimen102
)
(/opt/local/share/texmf-texlive-dist/tex/latex/commath/commath.sty
(/opt/local/share/texmf-texlive-dist/tex/latex/base/ifthen.sty
Package: ifthen 2001/05/26 v1.1c Standard LaTeX ifthen package (DPC)
)
(/opt/local/share/texmf-texlive-dist/tex/latex/amsmath/amsmath.sty
Package: amsmath 2000/07/18 v2.13 AMS math features
\@mathmargin=\skip43

For additional information on amsmath, use the `?' option.
(/opt/local/share/texmf-texlive-dist/tex/latex/amsmath/amstext.sty
Package: amstext 2000/06/29 v2.01

(/opt/local/share/texmf-texlive-dist/tex/latex/amsmath/amsgen.sty
File: amsgen.sty 1999/11/30 v2.0
\@emptytoks=\toks14
\ex@=\dimen103
))
(/opt/local/share/texmf-texlive-dist/tex/latex/amsmath/amsbsy.sty
Package: amsbsy 1999/11/29 v1.2d
\pmbraise@=\dimen104
)
(/opt/local/share/texmf-texlive-dist/tex/latex/amsmath/amsopn.sty
Package: amsopn 1999/12/14 v2.01 operator names
)
\inf@bad=\count87
LaTeX Info: Redefining \frac on input line 211.
\uproot@=\count88
\leftroot@=\count89
LaTeX Info: Redefining \overline on input line 307.
\classnum@=\count90
\DOTSCASE@=\count91
LaTeX Info: Redefining \ldots on input line 379.
LaTeX Info: Redefining \dots on input line 382.
LaTeX Info: Redefining \cdots on input line 467.
\Mathstrutbox@=\box26
\strutbox@=\box27
\big@size=\dimen105
LaTeX Font Info:    Redeclaring font encoding OML on input line 567.
LaTeX Font Info:    Redeclaring font encoding OMS on input line 568.
\macc@depth=\count92
\c@MaxMatrixCols=\count93
\dotsspace@=\muskip10
\c@parentequation=\count94
\dspbrk@lvl=\count95
\tag@help=\toks15
\row@=\count96
\column@=\count97
\maxfields@=\count98
\andhelp@=\toks16
\eqnshift@=\dimen106
\alignsep@=\dimen107
\tagshift@=\dimen108
\tagwidth@=\dimen109
\totwidth@=\dimen110
\lineht@=\dimen111
\@envbody=\toks17
\multlinegap=\skip44
\multlinetaggap=\skip45
\mathdisplay@stack=\toks18
LaTeX Info: Redefining \[ on input line 2666.
LaTeX Info: Redefining \] on input line 2667.
))
(/opt/local/share/texmf-texlive-dist/tex/latex/graphics/graphicx.sty
Package: graphicx 1999/02/16 v1.0f Enhanced LaTeX Graphics (DPC,SPQR)

(/opt/local/share/texmf-texlive-dist/tex/latex/graphics/keyval.sty
Package: keyval 1999/03/16 v1.13 key=value parser (DPC)
\KV@toks@=\toks19
)
(/opt/local/share/texmf-texlive-dist/tex/latex/graphics/graphics.sty
Package: graphics 2009/02/05 v1.0o Standard LaTeX Graphics (DPC,SPQR)

(/opt/local/share/texmf-texlive-dist/tex/latex/graphics/trig.sty
Package: trig 1999/03/16 v1.09 sin cos tan (DPC)
)
(/opt/local/share/texmf-texlive-dist/tex/latex/latexconfig/graphics.cfg
File: graphics.cfg 2010/04/23 v1.9 graphics configuration of TeX Live
)
Package graphics Info: Driver file: pdftex.def on input line 91.

(/opt/local/share/texmf-texlive-dist/tex/latex/pdftex-def/pdftex.def
File: pdftex.def 2010/02/14 v0.04n Graphics/color for pdfTeX
\Gread@gobject=\count99
))
\Gin@req@height=\dimen112
\Gin@req@width=\dimen113
)
(/opt/local/share/texmf-texlive-dist/tex/latex/listings/listings.sty
\lst@mode=\count100
\lst@gtempboxa=\box28
\lst@token=\toks20
\lst@length=\count101
\lst@currlwidth=\dimen114
\lst@column=\count102
\lst@pos=\count103
\lst@lostspace=\dimen115
\lst@width=\dimen116
\lst@newlines=\count104
\lst@lineno=\count105
\lst@maxwidth=\dimen117

(/opt/local/share/texmf-texlive-dist/tex/latex/listings/lstmisc.sty
File: lstmisc.sty 2007/02/22 1.4 (Carsten Heinz)
\c@lstnumber=\count106
\lst@skipnumbers=\count107
\lst@framebox=\box29
)
(/opt/local/share/texmf-texlive-dist/tex/latex/listings/listings.cfg
File: listings.cfg 2007/02/22 1.4 listings configuration
))
Package: listings 2007/02/22 1.4 (Carsten Heinz)

(/opt/local/share/texmf-texlive-dist/tex/latex/amsfonts/amsfonts.sty
Package: amsfonts 2009/06/22 v3.00 Basic AMSFonts support
\symAMSa=\mathgroup4
\symAMSb=\mathgroup5
LaTeX Font Info:    Overwriting math alphabet `\mathfrak' in version `bold'
(Font)                  U/euf/m/n --> U/euf/b/n on input line 96.
)
(/opt/local/share/texmf-texlive-dist/tex/latex/graphics/color.sty
Package: color 2005/11/14 v1.0j Standard LaTeX Color (DPC)

(/opt/local/share/texmf-texlive-dist/tex/latex/latexconfig/color.cfg
File: color.cfg 2007/01/18 v1.5 color configuration of teTeX/TeXLive
)
Package color Info: Driver file: pdftex.def on input line 130.
)
(/opt/local/share/texmf-texlive-dist/tex/latex/base/textcomp.sty
Package: textcomp 2005/09/27 v1.99g Standard LaTeX package
Package textcomp Info: Sub-encoding information:
(textcomp)               5 = only ISO-Adobe without \textcurrency
(textcomp)               4 = 5 + \texteuro
(textcomp)               3 = 4 + \textohm
(textcomp)               2 = 3 + \textestimated + \textcurrency
(textcomp)               1 = TS1 - \textcircled - \t
(textcomp)               0 = TS1 (full)
(textcomp)             Font families with sub-encoding setting implement
(textcomp)             only a restricted character set as indicated.
(textcomp)             Family '?' is the default used for unknown fonts.
(textcomp)             See the documentation for details.
Package textcomp Info: Setting ? sub-encoding to TS1/1 on input line 71.

(/opt/local/share/texmf-texlive-dist/tex/latex/base/ts1enc.def
File: ts1enc.def 2001/06/05 v3.0e (jk/car/fm) Standard LaTeX file
)
LaTeX Info: Redefining \oldstylenums on input line 266.
Package textcomp Info: Setting cmr sub-encoding to TS1/0 on input line 281.
Package textcomp Info: Setting cmss sub-encoding to TS1/0 on input line 282.
Package textcomp Info: Setting cmtt sub-encoding to TS1/0 on input line 283.
Package textcomp Info: Setting cmvtt sub-encoding to TS1/0 on input line 284.
Package textcomp Info: Setting cmbr sub-encoding to TS1/0 on input line 285.
Package textcomp Info: Setting cmtl sub-encoding to TS1/0 on input line 286.
Package textcomp Info: Setting ccr sub-encoding to TS1/0 on input line 287.
Package textcomp Info: Setting ptm sub-encoding to TS1/4 on input line 288.
Package textcomp Info: Setting pcr sub-encoding to TS1/4 on input line 289.
Package textcomp Info: Setting phv sub-encoding to TS1/4 on input line 290.
Package textcomp Info: Setting ppl sub-encoding to TS1/3 on input line 291.
Package textcomp Info: Setting pag sub-encoding to TS1/4 on input line 292.
Package textcomp Info: Setting pbk sub-encoding to TS1/4 on input line 293.
Package textcomp Info: Setting pnc sub-encoding to TS1/4 on input line 294.
Package textcomp Info: Setting pzc sub-encoding to TS1/4 on input line 295.
Package textcomp Info: Setting bch sub-encoding to TS1/4 on input line 296.
Package textcomp Info: Setting put sub-encoding to TS1/5 on input line 297.
Package textcomp Info: Setting uag sub-encoding to TS1/5 on input line 298.
Package textcomp Info: Setting ugq sub-encoding to TS1/5 on input line 299.
Package textcomp Info: Setting ul8 sub-encoding to TS1/4 on input line 300.
Package textcomp Info: Setting ul9 sub-encoding to TS1/4 on input line 301.
Package textcomp Info: Setting augie sub-encoding to TS1/5 on input line 302.
Package textcomp Info: Setting dayrom sub-encoding to TS1/3 on input line 303.
Package textcomp Info: Setting dayroms sub-encoding to TS1/3 on input line 304.

Package textcomp Info: Setting pxr sub-encoding to TS1/0 on input line 305.
Package textcomp Info: Setting pxss sub-encoding to TS1/0 on input line 306.
Package textcomp Info: Setting pxtt sub-encoding to TS1/0 on input line 307.
Package textcomp Info: Setting txr sub-encoding to TS1/0 on input line 308.
Package textcomp Info: Setting txss sub-encoding to TS1/0 on input line 309.
Package textcomp Info: Setting txtt sub-encoding to TS1/0 on input line 310.
Package textcomp Info: Setting futs sub-encoding to TS1/4 on input line 311.
Package textcomp Info: Setting futx sub-encoding to TS1/4 on input line 312.
Package textcomp Info: Setting futj sub-encoding to TS1/4 on input line 313.
Package textcomp Info: Setting hlh sub-encoding to TS1/3 on input line 314.
Package textcomp Info: Setting hls sub-encoding to TS1/3 on input line 315.
Package textcomp Info: Setting hlst sub-encoding to TS1/3 on input line 316.
Package textcomp Info: Setting hlct sub-encoding to TS1/5 on input line 317.
Package textcomp Info: Setting hlx sub-encoding to TS1/5 on input line 318.
Package textcomp Info: Setting hlce sub-encoding to TS1/5 on input line 319.
Package textcomp Info: Setting hlcn sub-encoding to TS1/5 on input line 320.
Package textcomp Info: Setting hlcw sub-encoding to TS1/5 on input line 321.
Package textcomp Info: Setting hlcf sub-encoding to TS1/5 on input line 322.
Package textcomp Info: Setting pplx sub-encoding to TS1/3 on input line 323.
Package textcomp Info: Setting pplj sub-encoding to TS1/3 on input line 324.
Package textcomp Info: Setting ptmx sub-encoding to TS1/4 on input line 325.
Package textcomp Info: Setting ptmj sub-encoding to TS1/4 on input line 326.
)
(/opt/local/share/texmf-texlive-dist/tex/latex/setspace/setspace.sty
Package: setspace 2000/12/01 6.7 Contributed and Supported LaTeX2e package

Package: `setspace' 6.7 <2000/12/01>
) (./project.aux)
\openout1 = `project.aux'.

LaTeX Font Info:    Checking defaults for OML/cmm/m/it on input line 23.
LaTeX Font Info:    ... okay on input line 23.
LaTeX Font Info:    Checking defaults for T1/cmr/m/n on input line 23.
LaTeX Font Info:    ... okay on input line 23.
LaTeX Font Info:    Checking defaults for OT1/cmr/m/n on input line 23.
LaTeX Font Info:    ... okay on input line 23.
LaTeX Font Info:    Checking defaults for OMS/cmsy/m/n on input line 23.
LaTeX Font Info:    ... okay on input line 23.
LaTeX Font Info:    Checking defaults for OMX/cmex/m/n on input line 23.
LaTeX Font Info:    ... okay on input line 23.
LaTeX Font Info:    Checking defaults for U/cmr/m/n on input line 23.
LaTeX Font Info:    ... okay on input line 23.
LaTeX Font Info:    Checking defaults for TS1/cmr/m/n on input line 23.
LaTeX Font Info:    Try loading font information for TS1+cmr on input line 23.
 (/opt/local/share/texmf-texlive-dist/tex/latex/base/ts1cmr.fd
File: ts1cmr.fd 1999/05/25 v2.5h Standard LaTeX font definitions
)
LaTeX Font Info:    ... okay on input line 23.
 (/opt/local/share/texmf-texlive-dist/tex/context/base/supp-pdf.mkii
[Loading MPS to PDF converter (version 2006.09.02).]
\scratchcounter=\count108
\scratchdimen=\dimen118
\scratchbox=\box30
\nofMPsegments=\count109
\nofMParguments=\count110
\everyMPshowfont=\toks21
\MPscratchCnt=\count111
\MPscratchDim=\dimen119
\MPnumerator=\count112
\everyMPtoPDFconversion=\toks22
) (/opt/local/share/texmf-texlive-dist/tex/generic/oberdiek/pdftexcmds.sty
Package: pdftexcmds 2010/04/01 v0.9 Utility functions of pdfTeX for LuaTeX (HO)


(/opt/local/share/texmf-texlive-dist/tex/generic/oberdiek/infwarerr.sty
Package: infwarerr 2010/04/08 v1.3 Providing info/warning/message (HO)
)
(/opt/local/share/texmf-texlive-dist/tex/generic/oberdiek/ifluatex.sty
Package: ifluatex 2010/03/01 v1.3 Provides the ifluatex switch (HO)
Package ifluatex Info: LuaTeX not detected.
)
(/opt/local/share/texmf-texlive-dist/tex/generic/oberdiek/ltxcmds.sty
Package: ltxcmds 2010/04/26 v1.7 LaTeX kernel commands for general use (HO)
)
Package pdftexcmds Info: LuaTeX not detected.
Package pdftexcmds Info: \pdf@primitive is available.
Package pdftexcmds Info: \pdf@ifprimitive is available.
)
(/opt/local/share/texmf-texlive-dist/tex/latex/oberdiek/epstopdf-base.sty
Package: epstopdf-base 2010/02/09 v2.5 Base part for package epstopdf

(/opt/local/share/texmf-texlive-dist/tex/latex/oberdiek/grfext.sty
Package: grfext 2007/09/30 v1.0 Managing graphics extensions (HO)
)
(/opt/local/share/texmf-texlive-dist/tex/latex/oberdiek/kvoptions.sty
Package: kvoptions 2010/02/22 v3.7 Keyval support for LaTeX options (HO)

(/opt/local/share/texmf-texlive-dist/tex/generic/oberdiek/kvsetkeys.sty
Package: kvsetkeys 2010/03/01 v1.9 Key value parser (HO)

(/opt/local/share/texmf-texlive-dist/tex/generic/oberdiek/etexcmds.sty
Package: etexcmds 2010/01/28 v1.3 Prefix for e-TeX command names (HO)
Package etexcmds Info: Could not find \expanded.
(etexcmds)             That can mean that you are not using pdfTeX 1.50 or
(etexcmds)             that some package has redefined \expanded.
(etexcmds)             In the latter case, load this package earlier.
)))
Package grfext Info: Graphics extension search list:
(grfext)             [.png,.pdf,.jpg,.mps,.jpeg,.jbig2,.jb2,.PNG,.PDF,.JPG,.JPE
G,.JBIG2,.JB2,.eps]
(grfext)             \AppendGraphicsExtensions on input line 436.

(/opt/local/share/texmf-texlive-dist/tex/latex/latexconfig/epstopdf-sys.cfg
File: epstopdf-sys.cfg 2010/07/13 v1.3 Configuration of (r)epstopdf for TeX Liv
e
))
\c@lstlisting=\count113
LaTeX Font Info:    Try loading font information for U+msa on input line 24.

(/opt/local/share/texmf-texlive-dist/tex/latex/amsfonts/umsa.fd
File: umsa.fd 2009/06/22 v3.00 AMS symbols A
)
LaTeX Font Info:    Try loading font information for U+msb on input line 24.

(/opt/local/share/texmf-texlive-dist/tex/latex/amsfonts/umsb.fd
File: umsb.fd 2009/06/22 v3.00 AMS symbols B
)
<ouroboros.png, id=1, 894.34125pt x 608.2725pt>
File: ouroboros.png Graphic file (type png)
 <use ouroboros.png> [1

{/opt/local/var/db/texmf/fonts/map/pdftex/updmap/pdftex.map}]
Overfull \hbox (13.6647pt too wide) in paragraph at lines 64--64
[]\OT1/cmtt/m/n/10.95 MODEL,   Level,   H,   dDF,   dLR,   Alpha,   Inf,   dAIC
,   dBIC[] 
 []


Overfull \hbox (42.40814pt too wide) in paragraph at lines 64--64
[]\OT1/cmtt/m/n/10.95 AxAyAzBxByBz, 0,5.7705, 0,  0.0000,1.0000,1.00000000, -0.
0000, -0.0000[] 
 []


Overfull \hbox (94.14633pt too wide) in paragraph at lines 64--64
[]\OT1/cmtt/m/n/10.95 AxAyAzByBz:AxAzBxByBz, 1,5.7719,16, 17.6630,0.3436,0.9936
7081, 14.3370,127.7098[] 
 []


Overfull \hbox (94.14633pt too wide) in paragraph at lines 64--64
[]\OT1/cmtt/m/n/10.95 AxAyBxByBz:AyAzBxByBz, 1,5.7721,16, 20.2211,0.2099,0.9927
5415, 11.7789,125.1517[] 
 []


Overfull \hbox (82.64896pt too wide) in paragraph at lines 64--64
[]\OT1/cmtt/m/n/10.95 AxAyAzBxBz:AyAzBxByBz, 1,5.7724,16, 24.1783,0.0855,0.9913
3616,7.8217,121.1944[] 
 []


Overfull \hbox (82.64896pt too wide) in paragraph at lines 64--64
[]\OT1/cmtt/m/n/10.95 AxAyBxByBz:AyAzByBz, 2,5.7730,24, 31.6066,0.1368,0.988674
39, 16.3934,186.4526[] 
 []


Overfull \hbox (71.15158pt too wide) in paragraph at lines 64--64
[]\OT1/cmtt/m/n/10.95 AxAyBxBy:AyAzBxByBz, 2,5.7737,24, 39.1076,0.0267,0.985986
54,8.8924,178.9516[] 
 []


Overfull \hbox (71.15158pt too wide) in paragraph at lines 64--64
[]\OT1/cmtt/m/n/10.95 AxAyByBz:AxAzBxByBz, 2,5.7737,24, 39.5556,0.0239,0.985826
00,8.4444,178.5035[] 
 []


Overfull \hbox (117.14108pt too wide) in paragraph at lines 64--64
[]\OT1/cmtt/m/n/10.95 AxAyBxBy:AxAyByBz:AyAzByBz, 3,5.7740,32,43.3084,0.0875,0.
98448126, 20.6916,247.4371[] 
 []


Overfull \hbox (117.14108pt too wide) in paragraph at lines 64--64
[]\OT1/cmtt/m/n/10.95 AxAyByBz:AxAzBxBz:AxBxByBz, 3,5.7742,32,45.1272,0.0619,0.
98382953, 18.8728,245.6183[] 
 []


Overfull \hbox (117.14108pt too wide) in paragraph at lines 64--64
[]\OT1/cmtt/m/n/10.95 AxAyByBz:AxBxByBz:AyAzByBz, 3,5.7743,32,46.3656,0.0484,0.
98338577, 17.6344,244.3799[] 
 []


Overfull \hbox (105.6437pt too wide) in paragraph at lines 64--64
[]\OT1/cmtt/m/n/10.95 AxAyByBz:AxBxBy:AyAzByBz, 4,5.7746,36,50.3383,0.0568,0.98
196223, 21.6617,276.7504[] 
 []


Overfull \hbox (105.6437pt too wide) in paragraph at lines 64--64
[]\OT1/cmtt/m/n/10.95 AxAyBy:AxAzBxBz:AxBxByBz, 4,5.7749,36,53.7497,0.0289,0.98
073982, 18.2503,273.3390[] 
 []


Overfull \hbox (105.6437pt too wide) in paragraph at lines 64--64
[]\OT1/cmtt/m/n/10.95 AxAyByBz:AxBxByBz:AzBxBz, 4,5.7753,36,59.6713,0.0078,0.97
861793, 12.3287,267.4174[] 
 []


Overfull \hbox (94.14633pt too wide) in paragraph at lines 64--64
[]\OT1/cmtt/m/n/10.95 AxAyByBz:AxBxByBz:AzBz, 5,5.7758,38,65.3374,0.0037,0.9765
8757, 10.6626,279.9229[] 
 []

[2 <./ouroboros.png>]
Overfull \hbox (94.14633pt too wide) in paragraph at lines 64--64
[]\OT1/cmtt/m/n/10.95 AxAyBy:AxAzBxBz:AxBxBy, 5,5.7759,40,66.1846,0.0056,0.9762
8399, 13.8154,297.2473[] 
 []


Overfull \hbox (94.14633pt too wide) in paragraph at lines 64--64
[]\OT1/cmtt/m/n/10.95 AxAyBy:AxBxBy:AyAzByBz, 5,5.7759,40,66.9172,0.0047,0.9760
2147, 13.0828,296.5146[] 
 []


Overfull \hbox (82.64896pt too wide) in paragraph at lines 64--64
[]\OT1/cmtt/m/n/10.95 AxAyByBz:AxBxBy:AzBz, 6,5.7761,42,69.3101,0.0049,0.975164
03, 14.6899,312.2934[] 
 []


Overfull \hbox (82.64896pt too wide) in paragraph at lines 64--64
[]\OT1/cmtt/m/n/10.95 AxAyBy:AxBxByBz:AzBz, 6,5.7765,42,73.9599,0.0016,0.973497
87, 10.0401,307.6436[] 
 []


Overfull \hbox (111.3924pt too wide) in paragraph at lines 64--64
[]\OT1/cmtt/m/n/10.95 AxAyBy:AxAyBz:AxBxBy:AzBz, 7,5.7768,46,77.0560,0.0027,0.9
7238844, 14.9440,340.8907[] 
 []


Overfull \hbox (111.3924pt too wide) in paragraph at lines 64--64
[]\OT1/cmtt/m/n/10.95 AxAyBy:AxBxBy:AxByBz:AzBz, 7,5.7768,46,77.9326,0.0022,0.9
7207432, 14.0674,340.0141[] 
 []


Overfull \hbox (111.3924pt too wide) in paragraph at lines 64--64
[]\OT1/cmtt/m/n/10.95 AxAyBy:AxBxBy:AyAzBy:AyAzBz, 6,5.7770,44,80.4725,0.0006,0
.97116421,7.5275,319.3026[] 
 []


Overfull \hbox (65.4029pt too wide) in paragraph at lines 64--64
[]\OT1/cmtt/m/n/10.95 AxAyBy:AxBxBy:AyAzBz, 7,5.7774,46,5.3020,0.0003,0.9694336
3,6.6980,332.6446[] 
 []


Overfull \hbox (12.17601pt too wide) in paragraph at lines 70--71
[]\OT1/cmr/m/n/10.95 Searching down from Ax-Ay-ByBz:AxBxBy:AyAzByBz yielded re-
sults which
 []


Overfull \hbox (36.65945pt too wide) in paragraph at lines 77--77
[]\OT1/cmtt/m/n/10.95 1 :ERROR: upward loopless search not implemented for neut
ral systems.[] 
 []

[3] [4] (./project.aux) ) 
Here is how much of TeX's memory you used:
 3781 strings out of 494770
 53192 string characters out of 3171574
 110237 words of memory out of 3000000
 6950 multiletter control sequences out of 15000+200000
 9657 words of font info for 37 fonts, out of 3000000 for 9000
 134 hyphenation exceptions out of 8191
 38i,6n,32p,1070b,254s stack positions out of 5000i,500n,10000p,200000b,50000s
</opt/local/share/texmf-texlive-dist/fonts/type1/publi
c/amsfonts/cm/cmbx12.pfb></opt/local/share/texmf-texlive-dist/fonts/type1/publi
c/amsfonts/cm/cmr10.pfb></opt/local/share/texmf-texlive-dist/fonts/type1/public
/amsfonts/cm/cmr12.pfb></opt/local/share/texmf-texlive-dist/fonts/type1/public/
amsfonts/cm/cmr17.pfb></opt/local/share/texmf-texlive-dist/fonts/type1/public/a
msfonts/cm/cmtt10.pfb>
Output written on project.pdf (4 pages, 220879 bytes).
PDF statistics:
 38 PDF objects out of 1000 (max. 8388607)
 25 compressed objects within 1 object stream
 0 named destinations out of 1000 (max. 500000)
 6 words of extra memory for PDF output out of 10000 (max. 10000000)

