This is pdfTeX, Version 3.1415926-1.40.10 (TeX Live/MacPorts 2009_6) (format=pdflatex 2010.10.7)  8 OCT 2010 13:28
entering extended mode
 %&-line parsing enabled.
**assignment1.tex
(./assignment1.tex
LaTeX2e <2009/09/24>
Babel <v3.8l> and hyphenation patterns for english, usenglishmax, dumylang, noh
yphenation, loaded.
(/opt/local/share/texmf-texlive-dist/tex/latex/base/article.cls
Document Class: article 2007/10/19 v1.4h Standard LaTeX document class
(/opt/local/share/texmf-texlive-dist/tex/latex/base/size12.clo
File: size12.clo 2007/10/19 v1.4h Standard LaTeX file (size option)
)
\c@part=\count79
\c@section=\count80
\c@subsection=\count81
\c@subsubsection=\count82
\c@paragraph=\count83
\c@subparagraph=\count84
\c@figure=\count85
\c@table=\count86
\abovecaptionskip=\skip41
\belowcaptionskip=\skip42
\bibindent=\dimen102
)
(/opt/local/share/texmf-texlive-dist/tex/latex/graphics/graphicx.sty
Package: graphicx 1999/02/16 v1.0f Enhanced LaTeX Graphics (DPC,SPQR)

(/opt/local/share/texmf-texlive-dist/tex/latex/graphics/keyval.sty
Package: keyval 1999/03/16 v1.13 key=value parser (DPC)
\KV@toks@=\toks14
)
(/opt/local/share/texmf-texlive-dist/tex/latex/graphics/graphics.sty
Package: graphics 2009/02/05 v1.0o Standard LaTeX Graphics (DPC,SPQR)

(/opt/local/share/texmf-texlive-dist/tex/latex/graphics/trig.sty
Package: trig 1999/03/16 v1.09 sin cos tan (DPC)
)
(/opt/local/share/texmf-texlive-dist/tex/latex/latexconfig/graphics.cfg
File: graphics.cfg 2009/08/28 v1.8 graphics configuration of TeX Live
)
Package graphics Info: Driver file: pdftex.def on input line 91.

(/opt/local/share/texmf-texlive-dist/tex/latex/pdftex-def/pdftex.def
File: pdftex.def 2009/08/25 v0.04m Graphics/color for pdfTeX
\Gread@gobject=\count87
))
\Gin@req@height=\dimen103
\Gin@req@width=\dimen104
)
(./assignment1.aux)
\openout1 = `assignment1.aux'.

LaTeX Font Info:    Checking defaults for OML/cmm/m/it on input line 11.
LaTeX Font Info:    ... okay on input line 11.
LaTeX Font Info:    Checking defaults for T1/cmr/m/n on input line 11.
LaTeX Font Info:    ... okay on input line 11.
LaTeX Font Info:    Checking defaults for OT1/cmr/m/n on input line 11.
LaTeX Font Info:    ... okay on input line 11.
LaTeX Font Info:    Checking defaults for OMS/cmsy/m/n on input line 11.
LaTeX Font Info:    ... okay on input line 11.
LaTeX Font Info:    Checking defaults for OMX/cmex/m/n on input line 11.
LaTeX Font Info:    ... okay on input line 11.
LaTeX Font Info:    Checking defaults for U/cmr/m/n on input line 11.
LaTeX Font Info:    ... okay on input line 11.

(/opt/local/share/texmf-texlive-dist/tex/context/base/supp-pdf.mkii
[Loading MPS to PDF converter (version 2006.09.02).]
\scratchcounter=\count88
\scratchdimen=\dimen105
\scratchbox=\box26
\nofMPsegments=\count89
\nofMParguments=\count90
\everyMPshowfont=\toks15
\MPscratchCnt=\count91
\MPscratchDim=\dimen106
\MPnumerator=\count92
\everyMPtoPDFconversion=\toks16
)
LaTeX Font Info:    External font `cmex10' loaded for size
(Font)              <14.4> on input line 12.
LaTeX Font Info:    External font `cmex10' loaded for size
(Font)              <7> on input line 12.
 [1

{/opt/local/var/db/texmf/fonts/map/pdftex/updmap/pdftex.map}]
<stimulusamp-headon.png, id=9, 333.245pt x 272.01625pt>
File: stimulusamp-headon.png Graphic file (type png)

<use stimulusamp-headon.png>
<stimulusamp-side.png, id=10, 450.68375pt x 353.32pt>
File: stimulusamp-side.png Graphic file (type png)

<use stimulusamp-side.png> [2 <./stimulusamp-headon.png (PNG copy)> <./stimulus
amp-side.png (PNG copy)>] <frequency.png, id=14, 456.70625pt x 363.3575pt>
File: frequency.png Graphic file (type png)

<use frequency.png> [3 <./frequency.png (PNG copy)>]
<naconductance.png, id=18, 352.31625pt x 349.305pt>
File: naconductance.png Graphic file (type png)
 <use naconductance.png>
<kconductance.png, id=19, 360.34625pt x 357.335pt>
File: kconductance.png Graphic file (type png)
 <use kconductance.png>
[4 <./naconductance.png (PNG copy)>]
<kconductance-largescale.png, id=23, 466.74374pt x 380.42125pt>
File: kconductance-largescale.png Graphic file (type png)

<use kconductance-largescale.png> [5 <./kconductance.png (PNG copy)> <./kconduc
tance-largescale.png (PNG copy)>]
<nareversal.png, id=27, 452.69125pt x 379.4175pt>
File: nareversal.png Graphic file (type png)
 <use nareversal.png> [6]
<nareversal-to-voltage.png, id=31, 340.27126pt x 370.38374pt>
File: nareversal-to-voltage.png Graphic file (type png)

<use nareversal-to-voltage.png> [7 <./nareversal.png (PNG copy)> <./nareversal-
to-voltage.png (PNG copy)>] [8] (./assignment1.aux) ) 
Here is how much of TeX's memory you used:
 932 strings out of 495061
 12294 string characters out of 3181964
 61329 words of memory out of 3000000
 4156 multiletter control sequences out of 15000+200000
 6103 words of font info for 22 fonts, out of 3000000 for 9000
 28 hyphenation exceptions out of 8191
 25i,6n,19p,843b,187s stack positions out of 5000i,500n,10000p,200000b,50000s
</opt/local/share/texmf-te
xlive-dist/fonts/type1/public/amsfonts/cm/cmbx12.pfb></opt/local/share/texmf-te
xlive-dist/fonts/type1/public/amsfonts/cm/cmr12.pfb></opt/local/share/texmf-tex
live-dist/fonts/type1/public/amsfonts/cm/cmr17.pfb></opt/local/share/texmf-texl
ive-dist/fonts/type1/public/amsfonts/cm/cmti12.pfb>
Output written on assignment1.pdf (8 pages, 758671 bytes).
PDF statistics:
 53 PDF objects out of 1000 (max. 8388607)
 0 named destinations out of 1000 (max. 500000)
 41 words of extra memory for PDF output out of 10000 (max. 10000000)

