This is pdfTeX, Version 3.1415926-1.40.10 (TeX Live/MacPorts 2009_6) (format=pdflatex 2010.10.7)  12 NOV 2010 23:03
entering extended mode
 %&-line parsing enabled.
**exam1.tex
(./exam1.tex
LaTeX2e <2009/09/24>
Babel <v3.8l> and hyphenation patterns for english, usenglishmax, dumylang, noh
yphenation, loaded.
(/opt/local/share/texmf-texlive-dist/tex/latex/base/article.cls
Document Class: article 2007/10/19 v1.4h Standard LaTeX document class
(/opt/local/share/texmf-texlive-dist/tex/latex/base/size12.clo
File: size12.clo 2007/10/19 v1.4h Standard LaTeX file (size option)
)
\c@part=\count79
\c@section=\count80
\c@subsection=\count81
\c@subsubsection=\count82
\c@paragraph=\count83
\c@subparagraph=\count84
\c@figure=\count85
\c@table=\count86
\abovecaptionskip=\skip41
\belowcaptionskip=\skip42
\bibindent=\dimen102
) (./commath.sty (/opt/local/share/texmf-texlive-dist/tex/latex/base/ifthen.sty
Package: ifthen 2001/05/26 v1.1c Standard LaTeX ifthen package (DPC)
)
(/opt/local/share/texmf-texlive-dist/tex/latex/amsmath/amsmath.sty
Package: amsmath 2000/07/18 v2.13 AMS math features
\@mathmargin=\skip43

For additional information on amsmath, use the `?' option.
(/opt/local/share/texmf-texlive-dist/tex/latex/amsmath/amstext.sty
Package: amstext 2000/06/29 v2.01

(/opt/local/share/texmf-texlive-dist/tex/latex/amsmath/amsgen.sty
File: amsgen.sty 1999/11/30 v2.0
\@emptytoks=\toks14
\ex@=\dimen103
))
(/opt/local/share/texmf-texlive-dist/tex/latex/amsmath/amsbsy.sty
Package: amsbsy 1999/11/29 v1.2d
\pmbraise@=\dimen104
)
(/opt/local/share/texmf-texlive-dist/tex/latex/amsmath/amsopn.sty
Package: amsopn 1999/12/14 v2.01 operator names
)
\inf@bad=\count87
LaTeX Info: Redefining \frac on input line 211.
\uproot@=\count88
\leftroot@=\count89
LaTeX Info: Redefining \overline on input line 307.
\classnum@=\count90
\DOTSCASE@=\count91
LaTeX Info: Redefining \ldots on input line 379.
LaTeX Info: Redefining \dots on input line 382.
LaTeX Info: Redefining \cdots on input line 467.
\Mathstrutbox@=\box26
\strutbox@=\box27
\big@size=\dimen105
LaTeX Font Info:    Redeclaring font encoding OML on input line 567.
LaTeX Font Info:    Redeclaring font encoding OMS on input line 568.
\macc@depth=\count92
\c@MaxMatrixCols=\count93
\dotsspace@=\muskip10
\c@parentequation=\count94
\dspbrk@lvl=\count95
\tag@help=\toks15
\row@=\count96
\column@=\count97
\maxfields@=\count98
\andhelp@=\toks16
\eqnshift@=\dimen106
\alignsep@=\dimen107
\tagshift@=\dimen108
\tagwidth@=\dimen109
\totwidth@=\dimen110
\lineht@=\dimen111
\@envbody=\toks17
\multlinegap=\skip44
\multlinetaggap=\skip45
\mathdisplay@stack=\toks18
LaTeX Info: Redefining \[ on input line 2666.
LaTeX Info: Redefining \] on input line 2667.
))
(/opt/local/share/texmf-texlive-dist/tex/latex/graphics/graphicx.sty
Package: graphicx 1999/02/16 v1.0f Enhanced LaTeX Graphics (DPC,SPQR)

(/opt/local/share/texmf-texlive-dist/tex/latex/graphics/keyval.sty
Package: keyval 1999/03/16 v1.13 key=value parser (DPC)
\KV@toks@=\toks19
)
(/opt/local/share/texmf-texlive-dist/tex/latex/graphics/graphics.sty
Package: graphics 2009/02/05 v1.0o Standard LaTeX Graphics (DPC,SPQR)

(/opt/local/share/texmf-texlive-dist/tex/latex/graphics/trig.sty
Package: trig 1999/03/16 v1.09 sin cos tan (DPC)
)
(/opt/local/share/texmf-texlive-dist/tex/latex/latexconfig/graphics.cfg
File: graphics.cfg 2009/08/28 v1.8 graphics configuration of TeX Live
)
Package graphics Info: Driver file: pdftex.def on input line 91.

(/opt/local/share/texmf-texlive-dist/tex/latex/pdftex-def/pdftex.def
File: pdftex.def 2009/08/25 v0.04m Graphics/color for pdfTeX
\Gread@gobject=\count99
))
\Gin@req@height=\dimen112
\Gin@req@width=\dimen113
)
(./exam1.aux)
\openout1 = `exam1.aux'.

LaTeX Font Info:    Checking defaults for OML/cmm/m/it on input line 12.
LaTeX Font Info:    ... okay on input line 12.
LaTeX Font Info:    Checking defaults for T1/cmr/m/n on input line 12.
LaTeX Font Info:    ... okay on input line 12.
LaTeX Font Info:    Checking defaults for OT1/cmr/m/n on input line 12.
LaTeX Font Info:    ... okay on input line 12.
LaTeX Font Info:    Checking defaults for OMS/cmsy/m/n on input line 12.
LaTeX Font Info:    ... okay on input line 12.
LaTeX Font Info:    Checking defaults for OMX/cmex/m/n on input line 12.
LaTeX Font Info:    ... okay on input line 12.
LaTeX Font Info:    Checking defaults for U/cmr/m/n on input line 12.
LaTeX Font Info:    ... okay on input line 12.

(/opt/local/share/texmf-texlive-dist/tex/context/base/supp-pdf.mkii
[Loading MPS to PDF converter (version 2006.09.02).]
\scratchcounter=\count100
\scratchdimen=\dimen114
\scratchbox=\box28
\nofMPsegments=\count101
\nofMParguments=\count102
\everyMPshowfont=\toks20
\MPscratchCnt=\count103
\MPscratchDim=\dimen115
\MPnumerator=\count104
\everyMPtoPDFconversion=\toks21
) <nopotassium.png, id=1, 575.14874pt x 422.57875pt>
File: nopotassium.png Graphic file (type png)
 <use nopotassium.png>
Overfull \hbox (12.97247pt too wide) in paragraph at lines 20--21
[][] 
 []

[1

{/opt/local/var/db/texmf/fonts/map/pdftex/updmap/pdftex.map} <./nopotassium.png
 (PNG copy)>] <leakequilibrium.png, id=9, 547.04375pt x 431.6125pt>
File: leakequilibrium.png Graphic file (type png)

<use leakequilibrium.png> <naequilibrium.png, id=10, 542.025pt x 424.58624pt>
File: naequilibrium.png Graphic file (type png)

<use naequilibrium.png> [2 <./leakequilibrium.png (PNG copy)>]
<nacurrent.png, id=16, 550.055pt x 429.605pt>
File: nacurrent.png Graphic file (type png)
 <use nacurrent.png> [3 <./naequilibrium.png (PNG copy)> <./nacurrent.png (PNG 
copy)>]
<risingh.png, id=20, 548.0475pt x 426.59375pt>
File: risingh.png Graphic file (type png)
 <use risingh.png>
<hyperspike.png, id=21, 586.19pt x 425.59pt>
File: hyperspike.png Graphic file (type png)
 <use hyperspike.png> [4 <./risingh.png (PNG copy)>] <mhnhyper.png, id=25, 573.
14125pt x 426.59375pt>
File: mhnhyper.png Graphic file (type png)

<use mhnhyper.png> [5 <./hyperspike.png (PNG copy)> <./mhnhyper.png (PNG copy)>
] <nonhypernonspike.png, id=29, 592.2125pt x 431.6125pt>
File: nonhypernonspike.png Graphic file (type png)

<use nonhypernonspike.png> <mhnnonhyper.png, id=30, 572.1375pt x 422.57875pt>
File: mhnnonhyper.png Graphic file (type png)

<use mhnnonhyper.png> [6 <./nonhypernonspike.png (PNG copy)> <./mhnnonhyper.png
 (PNG copy)>] <gaba.png, id=34, 596.2275pt x 425.59pt>
File: gaba.png Graphic file (type png)
 <use gaba.png> [7 <./gaba.png (PNG copy)>] [8] (./exam1.aux) ) 
Here is how much of TeX's memory you used:
 1663 strings out of 495061
 20043 string characters out of 3181964
 73494 words of memory out of 3000000
 4856 multiletter control sequences out of 15000+200000
 9626 words of font info for 35 fonts, out of 3000000 for 9000
 28 hyphenation exceptions out of 8191
 34i,6n,22p,661b,189s stack positions out of 5000i,500n,10000p,200000b,50000s
</opt/local/shar
e/texmf-texlive-dist/fonts/type1/public/amsfonts/cm/cmbx12.pfb></opt/local/shar
e/texmf-texlive-dist/fonts/type1/public/amsfonts/cm/cmmi12.pfb></opt/local/shar
e/texmf-texlive-dist/fonts/type1/public/amsfonts/cm/cmmi8.pfb></opt/local/share
/texmf-texlive-dist/fonts/type1/public/amsfonts/cm/cmr12.pfb></opt/local/share/
texmf-texlive-dist/fonts/type1/public/amsfonts/cm/cmr17.pfb></opt/local/share/t
exmf-texlive-dist/fonts/type1/public/amsfonts/cm/cmr8.pfb></opt/local/share/tex
mf-texlive-dist/fonts/type1/public/amsfonts/cm/cmsy10.pfb></opt/local/share/tex
mf-texlive-dist/fonts/type1/public/amsfonts/cm/cmsy6.pfb></opt/local/share/texm
f-texlive-dist/fonts/type1/public/amsfonts/cm/cmsy8.pfb>
Output written on exam1.pdf (8 pages, 304353 bytes).
PDF statistics:
 75 PDF objects out of 1000 (max. 8388607)
 0 named destinations out of 1000 (max. 500000)
 51 words of extra memory for PDF output out of 10000 (max. 10000000)

